# JRE version: OpenJDK Runtime Environment Microsoft-8035246 (17.0.8+7) (build 17.0.8+7-LTS)
# Java VM: OpenJDK 64-Bit Server VM Microsoft-8035246 (17.0.8+7-LTS, mixed mode, sharing, tiered, compressed oops, compressed class ptrs, g1 gc, windows-amd64)
GC Precious Log:
 CPUs: 4 total, 4 available
 Memory: 16282M
 Large Page Support: Disabled
 NUMA Support: Disabled
 Compressed Oops: Enabled (32-bit)
 Heap Region Size: 1M
 Heap Min Capacity: 8M
 Heap Initial Capacity: 256M
 Heap Max Capacity: 2G
 Pre-touch: Disabled
 Parallel Workers: 4
 Concurrent Workers: 1
 Concurrent Refinement Workers: 4
 Periodic GC: Disabled
Heap:
 garbage-first heap   total 290816K, used 230972K [0x0000000080000000, 0x0000000100000000)
  region size 1024K, 78 young (79872K), 7 survivors (7168K)
 Metaspace       used 96751K, committed 97728K, reserved 557056K
  class space    used 13320K, committed 13760K, reserved 425984K
GC Heap History (20 events):
Event: 33.963 GC heap before
{Heap before GC invocations=30 (full 0):
 garbage-first heap   total 153600K, used 77458K [0x0000000080000000, 0x0000000100000000)
  region size 1024K, 7 young (7168K), 5 survivors (5120K)
 Metaspace       used 70427K, committed 71104K, reserved 491520K
  class space    used 9646K, committed 9984K, reserved 425984K
}
Event: 33.970 GC heap after
{Heap after GC invocations=31 (full 0):
 garbage-first heap   total 153600K, used 75430K [0x0000000080000000, 0x0000000100000000)
  region size 1024K, 1 young (1024K), 1 survivors (1024K)
 Metaspace       used 70427K, committed 71104K, reserved 491520K
  class space    used 9646K, committed 9984K, reserved 425984K
}
Event: 34.216 GC heap before
{Heap before GC invocations=31 (full 0):
 garbage-first heap   total 153600K, used 87718K [0x0000000080000000, 0x0000000100000000)
  region size 1024K, 14 young (14336K), 1 survivors (1024K)
 Metaspace       used 71744K, committed 72448K, reserved 491520K
  class space    used 9803K, committed 10176K, reserved 425984K
}
Event: 34.219 GC heap after
{Heap after GC invocations=32 (full 0):
 garbage-first heap   total 153600K, used 75900K [0x0000000080000000, 0x0000000100000000)
  region size 1024K, 2 young (2048K), 2 survivors (2048K)
 Metaspace       used 71744K, committed 72448K, reserved 491520K
  class space    used 9803K, committed 10176K, reserved 425984K
}
Event: 34.970 GC heap before
{Heap before GC invocations=33 (full 0):
 garbage-first heap   total 153600K, used 120956K [0x0000000080000000, 0x0000000100000000)
  region size 1024K, 45 young (46080K), 2 survivors (2048K)
 Metaspace       used 72980K, committed 73664K, reserved 491520K
  class space    used 9999K, committed 10368K, reserved 425984K
}
Event: 34.981 GC heap after
{Heap after GC invocations=34 (full 0):
 garbage-first heap   total 153600K, used 78955K [0x0000000080000000, 0x0000000100000000)
  region size 1024K, 5 young (5120K), 5 survivors (5120K)
 Metaspace       used 72980K, committed 73664K, reserved 491520K
  class space    used 9999K, committed 10368K, reserved 425984K
}
Event: 35.005 GC heap before
{Heap before GC invocations=34 (full 0):
 garbage-first heap   total 153600K, used 81003K [0x0000000080000000, 0x0000000100000000)
  region size 1024K, 7 young (7168K), 5 survivors (5120K)
 Metaspace       used 73001K, committed 73728K, reserved 491520K
  class space    used 10000K, committed 10368K, reserved 425984K
}
Event: 35.016 GC heap after
{Heap after GC invocations=35 (full 0):
 garbage-first heap   total 153600K, used 79196K [0x0000000080000000, 0x0000000100000000)
  region size 1024K, 1 young (1024K), 1 survivors (1024K)
 Metaspace       used 73001K, committed 73728K, reserved 491520K
  class space    used 10000K, committed 10368K, reserved 425984K
}
Event: 41.544 GC heap before
{Heap before GC invocations=35 (full 0):
 garbage-first heap   total 153600K, used 122204K [0x0000000080000000, 0x0000000100000000)
  region size 1024K, 43 young (44032K), 1 survivors (1024K)
 Metaspace       used 77565K, committed 78272K, reserved 557056K
  class space    used 10809K, committed 11136K, reserved 425984K
}
Event: 41.555 GC heap after
{Heap after GC invocations=36 (full 0):
 garbage-first heap   total 318464K, used 81971K [0x0000000080000000, 0x0000000100000000)
  region size 1024K, 4 young (4096K), 4 survivors (4096K)
 Metaspace       used 77565K, committed 78272K, reserved 557056K
  class space    used 10809K, committed 11136K, reserved 425984K
}
Event: 45.297 GC heap before
{Heap before GC invocations=37 (full 0):
 garbage-first heap   total 290816K, used 250931K [0x0000000080000000, 0x0000000100000000)
  region size 1024K, 154 young (157696K), 4 survivors (4096K)
 Metaspace       used 85426K, committed 86272K, reserved 557056K
  class space    used 11885K, committed 12288K, reserved 425984K
}
Event: 45.324 GC heap after
{Heap after GC invocations=38 (full 0):
 garbage-first heap   total 290816K, used 120354K [0x0000000080000000, 0x0000000100000000)
  region size 1024K, 20 young (20480K), 20 survivors (20480K)
 Metaspace       used 85426K, committed 86272K, reserved 557056K
  class space    used 11885K, committed 12288K, reserved 425984K
}
Event: 45.351 GC heap before
{Heap before GC invocations=38 (full 0):
 garbage-first heap   total 290816K, used 121378K [0x0000000080000000, 0x0000000100000000)
  region size 1024K, 21 young (21504K), 20 survivors (20480K)
 Metaspace       used 85489K, committed 86336K, reserved 557056K
  class space    used 11891K, committed 12288K, reserved 425984K
}
Event: 45.370 GC heap after
{Heap after GC invocations=39 (full 0):
 garbage-first heap   total 290816K, used 121668K [0x0000000080000000, 0x0000000100000000)
  region size 1024K, 2 young (2048K), 2 survivors (2048K)
 Metaspace       used 85489K, committed 86336K, reserved 557056K
  class space    used 11891K, committed 12288K, reserved 425984K
}
Event: 47.697 GC heap before
{Heap before GC invocations=39 (full 0):
 garbage-first heap   total 290816K, used 223044K [0x0000000080000000, 0x0000000100000000)
  region size 1024K, 99 young (101376K), 2 survivors (2048K)
 Metaspace       used 92077K, committed 92992K, reserved 557056K
  class space    used 12762K, committed 13184K, reserved 425984K
}
Event: 47.723 GC heap after
{Heap after GC invocations=40 (full 0):
 garbage-first heap   total 290816K, used 137216K [0x0000000080000000, 0x0000000100000000)
  region size 1024K, 13 young (13312K), 13 survivors (13312K)
 Metaspace       used 92077K, committed 92992K, reserved 557056K
  class space    used 12762K, committed 13184K, reserved 425984K
}
Event: 49.473 GC heap before
{Heap before GC invocations=40 (full 0):
 garbage-first heap   total 290816K, used 224256K [0x0000000080000000, 0x0000000100000000)
  region size 1024K, 98 young (100352K), 13 survivors (13312K)
 Metaspace       used 95341K, committed 96256K, reserved 557056K
  class space    used 13163K, committed 13632K, reserved 425984K
}
Event: 49.508 GC heap after
{Heap after GC invocations=41 (full 0):
 garbage-first heap   total 290816K, used 149088K [0x0000000080000000, 0x0000000100000000)
  region size 1024K, 12 young (12288K), 12 survivors (12288K)
 Metaspace       used 95341K, committed 96256K, reserved 557056K
  class space    used 13163K, committed 13632K, reserved 425984K
}
Event: 51.745 GC heap before
{Heap before GC invocations=41 (full 0):
 garbage-first heap   total 290816K, used 226912K [0x0000000080000000, 0x0000000100000000)
  region size 1024K, 89 young (91136K), 12 survivors (12288K)
 Metaspace       used 96727K, committed 97664K, reserved 557056K
  class space    used 13320K, committed 13760K, reserved 425984K
}
Event: 51.778 GC heap after
{Heap after GC invocations=42 (full 0):
 garbage-first heap   total 290816K, used 156220K [0x0000000080000000, 0x0000000100000000)
  region size 1024K, 7 young (7168K), 7 survivors (7168K)
 Metaspace       used 96727K, committed 97664K, reserved 557056K
  class space    used 13320K, committed 13760K, reserved 425984K
}

